<?xml version="1.0" encoding="UTF-8"?>
<testsuite xmlns:xsi="http://www.w3.org/2001/XMLSchema-instance" xsi:noNamespaceSchemaLocation="https://maven.apache.org/surefire/maven-surefire-plugin/xsd/surefire-test-report-3.0.xsd" version="3.0" name="TestSuite" time="276.966" tests="20" errors="0" skipped="0" failures="0">
  <properties>
[...]
</properties>
  <testcase name="runScenario[&quot;Successful Sign In and Sign Out&quot;, &quot;User Sign In&quot;](1)" classname="runners.CucumberTestRunner" time="17.069">
    <system-out><![CDATA[
Scenario Outline: Successful Sign In and Sign Out                                 # src/test/resources/features/SignIn.feature:22
  Given I navigate to the "https://xaltsocnportal.web.app/"                       # stepDefinitions.CommonSteps.iNavigateToThe(java.lang.String)
  When I click on the 'Sign In' button                                            # stepDefinitions.CommonSteps.iClickSignInButton()
  Then I should be on the Sign In page                                            # stepDefinitions.CommonSteps.verifySignInPage()
  And I click on 'Already have an account? click here to join' button             # stepDefinitions.SignInSteps.iClickOnAlreadyHaveAnAccountClickHereToJoinButton()
  Then I should see Sign In form                                                  # stepDefinitions.SignInSteps.iShouldBeSeeSignInForm()
  When I enter my registered test@testmail.com for sign in and correct Xalts@2025 # stepDefinitions.SignInSteps.iEnterMyRegisteredEmailForSignInAndCorrectPassword(java.lang.String,java.lang.String)
  And I submit the Sign In form                                                   # stepDefinitions.SignInSteps.iSubmitTheSignInForm()
  Then I should see the 'Sign Out' button                                         # stepDefinitions.SignUpSteps.verifySignUp()
  When I click on the 'Sign Out' button                                           # stepDefinitions.SignOutSteps.signOut()
  And I should see the 'Sign In' button                                           # stepDefinitions.SignOutSteps.iShouldSeeTheSignInButton()
]]></system-out>
    <system-err><![CDATA[[main] INFO io.github.bonigarcia.wdm.WebDriverManager - Using chromedriver 133.0.6943.141 (resolved driver for Chrome 133)
[main] INFO io.github.bonigarcia.wdm.WebDriverManager - Exporting webdriver.chrome.driver as C:\Users\Arun Reddy R\.cache\selenium\chromedriver\win64\133.0.6943.141\chromedriver.exe
]]></system-err>
  </testcase>
  <testcase name="runScenario[&quot;Sign In should be disabled for invalid inputs&quot;, &quot;User Sign In&quot;](2)" classname="runners.CucumberTestRunner" time="2.629">
    <system-out><![CDATA[
Scenario Outline: Sign In should be disabled for invalid inputs          # src/test/resources/features/SignIn.feature:30
  Given I navigate to the "https://xaltsocnportal.web.app/"              # stepDefinitions.CommonSteps.iNavigateToThe(java.lang.String)
  When I click on the 'Sign In' button                                   # stepDefinitions.CommonSteps.iClickSignInButton()
  Then I should be on the Sign In page                                   # stepDefinitions.CommonSteps.verifySignInPage()
  And I click on 'Already have an account? click here to join' button    # stepDefinitions.SignInSteps.iClickOnAlreadyHaveAnAccountClickHereToJoinButton()
  Then I should see Sign In form                                         # stepDefinitions.SignInSteps.iShouldBeSeeSignInForm()
  When I enter an invalid email test@com or an invalid password Xalts123 # stepDefinitions.SignInSteps.iEnterAnInvalidEmailOrAnInvalidPassword(java.lang.String,java.lang.String)
  Then the Sign In button should remain disabled                         # stepDefinitions.SignInSteps.theSignInButtonShouldRemainDisabled()
]]></system-out>
    <system-err><![CDATA[[main] INFO io.github.bonigarcia.wdm.WebDriverManager - Using chromedriver 133.0.6943.141 (resolved driver for Chrome 133)
[main] INFO io.github.bonigarcia.wdm.WebDriverManager - Exporting webdriver.chrome.driver as C:\Users\Arun Reddy R\.cache\selenium\chromedriver\win64\133.0.6943.141\chromedriver.exe
]]></system-err>
  </testcase>
  <testcase name="runScenario[&quot;Sign In should be disabled for invalid inputs&quot;, &quot;User Sign In&quot;](3)" classname="runners.CucumberTestRunner" time="2.558">
    <system-out><![CDATA[
Scenario Outline: Sign In should be disabled for invalid inputs               # src/test/resources/features/SignIn.feature:31
  Given I navigate to the "https://xaltsocnportal.web.app/"                   # stepDefinitions.CommonSteps.iNavigateToThe(java.lang.String)
  When I click on the 'Sign In' button                                        # stepDefinitions.CommonSteps.iClickSignInButton()
  Then I should be on the Sign In page                                        # stepDefinitions.CommonSteps.verifySignInPage()
  And I click on 'Already have an account? click here to join' button         # stepDefinitions.SignInSteps.iClickOnAlreadyHaveAnAccountClickHereToJoinButton()
  Then I should see Sign In form                                              # stepDefinitions.SignInSteps.iShouldBeSeeSignInForm()
  When I enter an invalid email user#domain.com or an invalid password 123456 # stepDefinitions.SignInSteps.iEnterAnInvalidEmailOrAnInvalidPassword(java.lang.String,java.lang.String)
  Then the Sign In button should remain disabled                              # stepDefinitions.SignInSteps.theSignInButtonShouldRemainDisabled()
]]></system-out>
    <system-err><![CDATA[[main] INFO io.github.bonigarcia.wdm.WebDriverManager - Using chromedriver 133.0.6943.141 (resolved driver for Chrome 133)
[main] INFO io.github.bonigarcia.wdm.WebDriverManager - Exporting webdriver.chrome.driver as C:\Users\Arun Reddy R\.cache\selenium\chromedriver\win64\133.0.6943.141\chromedriver.exe
]]></system-err>
  </testcase>
  <testcase name="runScenario[&quot;Sign In should be disabled for invalid inputs&quot;, &quot;User Sign In&quot;](4)" classname="runners.CucumberTestRunner" time="13.169">
    <system-out><![CDATA[
Scenario Outline: Sign In should be disabled for invalid inputs       # src/test/resources/features/SignIn.feature:32
  Given I navigate to the "https://xaltsocnportal.web.app/"           # stepDefinitions.CommonSteps.iNavigateToThe(java.lang.String)
  When I click on the 'Sign In' button                                # stepDefinitions.CommonSteps.iClickSignInButton()
  Then I should be on the Sign In page                                # stepDefinitions.CommonSteps.verifySignInPage()
  And I click on 'Already have an account? click here to join' button # stepDefinitions.SignInSteps.iClickOnAlreadyHaveAnAccountClickHereToJoinButton()
  Then I should see Sign In form                                      # stepDefinitions.SignInSteps.iShouldBeSeeSignInForm()
  When I enter an invalid email  or an invalid password Xalts@2025    # stepDefinitions.SignInSteps.iEnterAnInvalidEmailOrAnInvalidPassword(java.lang.String,java.lang.String)
  Then the Sign In button should remain disabled                      # stepDefinitions.SignInSteps.theSignInButtonShouldRemainDisabled()
]]></system-out>
    <system-err><![CDATA[[main] INFO io.github.bonigarcia.wdm.WebDriverManager - Using chromedriver 133.0.6943.141 (resolved driver for Chrome 133)
[main] INFO io.github.bonigarcia.wdm.WebDriverManager - Exporting webdriver.chrome.driver as C:\Users\Arun Reddy R\.cache\selenium\chromedriver\win64\133.0.6943.141\chromedriver.exe
]]></system-err>
  </testcase>
  <testcase name="runScenario[&quot;Sign In should be disabled for invalid inputs&quot;, &quot;User Sign In&quot;](5)" classname="runners.CucumberTestRunner" time="2.494">
    <system-out><![CDATA[
Scenario Outline: Sign In should be disabled for invalid inputs           # src/test/resources/features/SignIn.feature:33
  Given I navigate to the "https://xaltsocnportal.web.app/"               # stepDefinitions.CommonSteps.iNavigateToThe(java.lang.String)
  When I click on the 'Sign In' button                                    # stepDefinitions.CommonSteps.iClickSignInButton()
  Then I should be on the Sign In page                                    # stepDefinitions.CommonSteps.verifySignInPage()
  And I click on 'Already have an account? click here to join' button     # stepDefinitions.SignInSteps.iClickOnAlreadyHaveAnAccountClickHereToJoinButton()
  Then I should see Sign In form                                          # stepDefinitions.SignInSteps.iShouldBeSeeSignInForm()
  When I enter an invalid email test@testmail.com or an invalid password  # stepDefinitions.SignInSteps.iEnterAnInvalidEmailOrAnInvalidPassword(java.lang.String,java.lang.String)
  Then the Sign In button should remain disabled                          # stepDefinitions.SignInSteps.theSignInButtonShouldRemainDisabled()
]]></system-out>
    <system-err><![CDATA[[main] INFO io.github.bonigarcia.wdm.WebDriverManager - Using chromedriver 133.0.6943.141 (resolved driver for Chrome 133)
[main] INFO io.github.bonigarcia.wdm.WebDriverManager - Exporting webdriver.chrome.driver as C:\Users\Arun Reddy R\.cache\selenium\chromedriver\win64\133.0.6943.141\chromedriver.exe
]]></system-err>
  </testcase>
  <testcase name="runScenario[&quot;Sign In should be disabled for invalid inputs&quot;, &quot;User Sign In&quot;](6)" classname="runners.CucumberTestRunner" time="2.414">
    <system-out><![CDATA[
Scenario Outline: Sign In should be disabled for invalid inputs       # src/test/resources/features/SignIn.feature:34
  Given I navigate to the "https://xaltsocnportal.web.app/"           # stepDefinitions.CommonSteps.iNavigateToThe(java.lang.String)
  When I click on the 'Sign In' button                                # stepDefinitions.CommonSteps.iClickSignInButton()
  Then I should be on the Sign In page                                # stepDefinitions.CommonSteps.verifySignInPage()
  And I click on 'Already have an account? click here to join' button # stepDefinitions.SignInSteps.iClickOnAlreadyHaveAnAccountClickHereToJoinButton()
  Then I should see Sign In form                                      # stepDefinitions.SignInSteps.iShouldBeSeeSignInForm()
  When I enter an invalid email  or an invalid password               # stepDefinitions.SignInSteps.iEnterAnInvalidEmailOrAnInvalidPassword(java.lang.String,java.lang.String)
  Then the Sign In button should remain disabled                      # stepDefinitions.SignInSteps.theSignInButtonShouldRemainDisabled()
]]></system-out>
    <system-err><![CDATA[[main] INFO io.github.bonigarcia.wdm.WebDriverManager - Using chromedriver 133.0.6943.141 (resolved driver for Chrome 133)
[main] INFO io.github.bonigarcia.wdm.WebDriverManager - Exporting webdriver.chrome.driver as C:\Users\Arun Reddy R\.cache\selenium\chromedriver\win64\133.0.6943.141\chromedriver.exe
]]></system-err>
  </testcase>
  <testcase name="runScenario[&quot;Sign In with Non-Existing User&quot;, &quot;User Sign In&quot;](7)" classname="runners.CucumberTestRunner" time="14.635">
    <system-out><![CDATA[
Scenario Outline: Sign In with Non-Existing User                       # src/test/resources/features/SignIn.feature:43
  Given I navigate to the "https://xaltsocnportal.web.app/"            # stepDefinitions.CommonSteps.iNavigateToThe(java.lang.String)
  When I click on the 'Sign In' button                                 # stepDefinitions.CommonSteps.iClickSignInButton()
  Then I should be on the Sign In page                                 # stepDefinitions.CommonSteps.verifySignInPage()
  And I click on 'Already have an account? click here to join' button  # stepDefinitions.SignInSteps.iClickOnAlreadyHaveAnAccountClickHereToJoinButton()
  Then I should see Sign In form                                       # stepDefinitions.SignInSteps.iShouldBeSeeSignInForm()
  When I enter a non-existing usertest@test.com and correct Xalts@2025 # stepDefinitions.SignInSteps.iEnterANonExistingEmailCorrectPasswd(java.lang.String,java.lang.String)
  And I submit the Sign In form                                        # stepDefinitions.SignInSteps.iSubmitTheSignInForm()
  Then I should see a User not found alert message                     # stepDefinitions.SignInSteps.iShouldSeeAUserNotFoundAlertMessage(java.lang.String)
]]></system-out>
    <system-err><![CDATA[[main] INFO io.github.bonigarcia.wdm.WebDriverManager - Using chromedriver 133.0.6943.141 (resolved driver for Chrome 133)
[main] INFO io.github.bonigarcia.wdm.WebDriverManager - Exporting webdriver.chrome.driver as C:\Users\Arun Reddy R\.cache\selenium\chromedriver\win64\133.0.6943.141\chromedriver.exe
]]></system-err>
  </testcase>
  <testcase name="runScenario[&quot;Sign In with Existing User and Wrong Password&quot;, &quot;User Sign In&quot;](8)" classname="runners.CucumberTestRunner" time="14.25">
    <system-out><![CDATA[
Scenario Outline: Sign In with Existing User and Wrong Password            # src/test/resources/features/SignIn.feature:52
  Given I navigate to the "https://xaltsocnportal.web.app/"                # stepDefinitions.CommonSteps.iNavigateToThe(java.lang.String)
  When I click on the 'Sign In' button                                     # stepDefinitions.CommonSteps.iClickSignInButton()
  Then I should be on the Sign In page                                     # stepDefinitions.CommonSteps.verifySignInPage()
  And I click on 'Already have an account? click here to join' button      # stepDefinitions.SignInSteps.iClickOnAlreadyHaveAnAccountClickHereToJoinButton()
  Then I should see Sign In form                                           # stepDefinitions.SignInSteps.iShouldBeSeeSignInForm()
  When I enter an existing test@testmail.com and wrong valid WrongPass@123 # stepDefinitions.SignInSteps.iEnterWrongPasswd(java.lang.String,java.lang.String)
  And I submit the Sign In form                                            # stepDefinitions.SignInSteps.iSubmitTheSignInForm()
  Then I should see an Incorrect E-Mail or Password alert message          # stepDefinitions.SignInSteps.iShouldSeeIncorrectEmailPasswordAlertMsg(java.lang.String)
]]></system-out>
    <system-err><![CDATA[[main] INFO io.github.bonigarcia.wdm.WebDriverManager - Using chromedriver 133.0.6943.141 (resolved driver for Chrome 133)
[main] INFO io.github.bonigarcia.wdm.WebDriverManager - Exporting webdriver.chrome.driver as C:\Users\Arun Reddy R\.cache\selenium\chromedriver\win64\133.0.6943.141\chromedriver.exe
]]></system-err>
  </testcase>
  <testcase name="runScenario[&quot;Successful Sign Up and Sign Out&quot;, &quot;User Sign Up&quot;](9)" classname="runners.CucumberTestRunner" time="25.514">
    <system-out><![CDATA[
Scenario: Successful Sign Up and Sign Out                     # src/test/resources/features/SignUp.feature:11
  Given I navigate to the "https://xaltsocnportal.web.app/"   # stepDefinitions.CommonSteps.iNavigateToThe(java.lang.String)
  When I click on the 'Get Started' button                    # stepDefinitions.CommonSteps.iClickGetStarrtedButton()
  Then I should be on the Sign In page                        # stepDefinitions.CommonSteps.verifySignInPage()
...........New User Credentials...........
Email:xalts11186@testmail.com
Password:64cb82@A1
  And I enter a valid email for sign up and a strong password # stepDefinitions.SignUpSteps.iEnterAValidEmailAndAStrongPassword()
  And I confirm the password correctly                        # stepDefinitions.SignUpSteps.iConfirmThePasswordCorrectly()
  And I click on the Sign Up button                           # stepDefinitions.SignUpSteps.iClickOnTheSignUpButton()
  Then I should see the 'Sign Out' button                     # stepDefinitions.SignUpSteps.verifySignUp()
  When I click on the 'Sign Out' button                       # stepDefinitions.SignOutSteps.signOut()
  And I should see the 'Sign In' button                       # stepDefinitions.SignOutSteps.iShouldSeeTheSignInButton()
]]></system-out>
    <system-err><![CDATA[[main] INFO io.github.bonigarcia.wdm.WebDriverManager - Using chromedriver 133.0.6943.141 (resolved driver for Chrome 133)
[main] INFO io.github.bonigarcia.wdm.WebDriverManager - Exporting webdriver.chrome.driver as C:\Users\Arun Reddy R\.cache\selenium\chromedriver\win64\133.0.6943.141\chromedriver.exe
]]></system-err>
  </testcase>
  <testcase name="runScenario[&quot;Sign Up with an Already Registered Email&quot;, &quot;User Sign Up&quot;](10)" classname="runners.CucumberTestRunner" time="24.921">
    <system-out><![CDATA[
Scenario Outline: Sign Up with an Already Registered Email                                # src/test/resources/features/SignUp.feature:27
  Given I navigate to the "https://xaltsocnportal.web.app/"                               # stepDefinitions.CommonSteps.iNavigateToThe(java.lang.String)
  When I click on the 'Get Started' button                                                # stepDefinitions.CommonSteps.iClickGetStarrtedButton()
  Then I should be on the Sign In page                                                    # stepDefinitions.CommonSteps.verifySignInPage()
  And I enter an already registered test@testmail.com for sign up and a strong Xalts@2025 # stepDefinitions.SignUpSteps.iEnterExistingEmailSignUp(java.lang.String,java.lang.String)
  And I confirm the password correctly                                                    # stepDefinitions.SignUpSteps.iConfirmThePasswordCorrectly()
  And I click on the Sign Up button                                                       # stepDefinitions.SignUpSteps.iClickOnTheSignUpButton()
  Then I should see an Provided E-Mail is already in use error message                    # stepDefinitions.SignUpSteps.iShouldSeeEmailAlreadyInUseError(java.lang.String)
]]></system-out>
    <system-err><![CDATA[[main] INFO io.github.bonigarcia.wdm.WebDriverManager - Using chromedriver 133.0.6943.141 (resolved driver for Chrome 133)
[main] INFO io.github.bonigarcia.wdm.WebDriverManager - Exporting webdriver.chrome.driver as C:\Users\Arun Reddy R\.cache\selenium\chromedriver\win64\133.0.6943.141\chromedriver.exe
]]></system-err>
  </testcase>
  <testcase name="runScenario[&quot;Sign Up button disabled if email or password is invalid&quot;, &quot;User Sign Up&quot;](11)" classname="runners.CucumberTestRunner" time="23.467">
    <system-out><![CDATA[
Scenario Outline: Sign Up button disabled if email or password is invalid # src/test/resources/features/SignUp.feature:36
  Given I navigate to the "https://xaltsocnportal.web.app/"               # stepDefinitions.CommonSteps.iNavigateToThe(java.lang.String)
  When I click on the 'Get Started' button                                # stepDefinitions.CommonSteps.iClickGetStarrtedButton()
  Then I should be on the Sign In page                                    # stepDefinitions.CommonSteps.verifySignInPage()
  And I enter an invalid invalid-email or a weak Xalts@2025               # stepDefinitions.SignUpSteps.iEnterInvalidEmailOrInvalidPasswd(java.lang.String,java.lang.String)
  And I confirm the password correctly                                    # stepDefinitions.SignUpSteps.iConfirmThePasswordCorrectly()
  Then the Sign Up button should remain disabled                          # stepDefinitions.SignUpSteps.iShouldSeeSignUpBtnDisabled()
]]></system-out>
    <system-err><![CDATA[[main] INFO io.github.bonigarcia.wdm.WebDriverManager - Using chromedriver 133.0.6943.141 (resolved driver for Chrome 133)
[main] INFO io.github.bonigarcia.wdm.WebDriverManager - Exporting webdriver.chrome.driver as C:\Users\Arun Reddy R\.cache\selenium\chromedriver\win64\133.0.6943.141\chromedriver.exe
]]></system-err>
  </testcase>
  <testcase name="runScenario[&quot;Sign Up button disabled if email or password is invalid&quot;, &quot;User Sign Up&quot;](12)" classname="runners.CucumberTestRunner" time="13.257">
    <system-out><![CDATA[
Scenario Outline: Sign Up button disabled if email or password is invalid # src/test/resources/features/SignUp.feature:37
  Given I navigate to the "https://xaltsocnportal.web.app/"               # stepDefinitions.CommonSteps.iNavigateToThe(java.lang.String)
  When I click on the 'Get Started' button                                # stepDefinitions.CommonSteps.iClickGetStarrtedButton()
  Then I should be on the Sign In page                                    # stepDefinitions.CommonSteps.verifySignInPage()
  And I enter an invalid test@mail.com or a weak 12345                    # stepDefinitions.SignUpSteps.iEnterInvalidEmailOrInvalidPasswd(java.lang.String,java.lang.String)
  And I confirm the password correctly                                    # stepDefinitions.SignUpSteps.iConfirmThePasswordCorrectly()
  Then the Sign Up button should remain disabled                          # stepDefinitions.SignUpSteps.iShouldSeeSignUpBtnDisabled()
]]></system-out>
    <system-err><![CDATA[[main] INFO io.github.bonigarcia.wdm.WebDriverManager - Using chromedriver 133.0.6943.141 (resolved driver for Chrome 133)
[main] INFO io.github.bonigarcia.wdm.WebDriverManager - Exporting webdriver.chrome.driver as C:\Users\Arun Reddy R\.cache\selenium\chromedriver\win64\133.0.6943.141\chromedriver.exe
]]></system-err>
  </testcase>
  <testcase name="runScenario[&quot;Sign Up button disabled if email or password is invalid&quot;, &quot;User Sign Up&quot;](13)" classname="runners.CucumberTestRunner" time="13.657">
    <system-out><![CDATA[
Scenario Outline: Sign Up button disabled if email or password is invalid # src/test/resources/features/SignUp.feature:38
  Given I navigate to the "https://xaltsocnportal.web.app/"               # stepDefinitions.CommonSteps.iNavigateToThe(java.lang.String)
  When I click on the 'Get Started' button                                # stepDefinitions.CommonSteps.iClickGetStarrtedButton()
  Then I should be on the Sign In page                                    # stepDefinitions.CommonSteps.verifySignInPage()
  And I enter an invalid test@mail.com or a weak password123              # stepDefinitions.SignUpSteps.iEnterInvalidEmailOrInvalidPasswd(java.lang.String,java.lang.String)
  And I confirm the password correctly                                    # stepDefinitions.SignUpSteps.iConfirmThePasswordCorrectly()
  Then the Sign Up button should remain disabled                          # stepDefinitions.SignUpSteps.iShouldSeeSignUpBtnDisabled()
]]></system-out>
    <system-err><![CDATA[[main] INFO io.github.bonigarcia.wdm.WebDriverManager - Using chromedriver 133.0.6943.141 (resolved driver for Chrome 133)
[main] INFO io.github.bonigarcia.wdm.WebDriverManager - Exporting webdriver.chrome.driver as C:\Users\Arun Reddy R\.cache\selenium\chromedriver\win64\133.0.6943.141\chromedriver.exe
]]></system-err>
  </testcase>
  <testcase name="runScenario[&quot;Sign Up button disabled if email or password is invalid&quot;, &quot;User Sign Up&quot;](14)" classname="runners.CucumberTestRunner" time="13.379">
    <system-out><![CDATA[
Scenario Outline: Sign Up button disabled if email or password is invalid # src/test/resources/features/SignUp.feature:39
  Given I navigate to the "https://xaltsocnportal.web.app/"               # stepDefinitions.CommonSteps.iNavigateToThe(java.lang.String)
  When I click on the 'Get Started' button                                # stepDefinitions.CommonSteps.iClickGetStarrtedButton()
  Then I should be on the Sign In page                                    # stepDefinitions.CommonSteps.verifySignInPage()
  And I enter an invalid invalidemail.com or a weak weakpass              # stepDefinitions.SignUpSteps.iEnterInvalidEmailOrInvalidPasswd(java.lang.String,java.lang.String)
  And I confirm the password correctly                                    # stepDefinitions.SignUpSteps.iConfirmThePasswordCorrectly()
  Then the Sign Up button should remain disabled                          # stepDefinitions.SignUpSteps.iShouldSeeSignUpBtnDisabled()
]]></system-out>
    <system-err><![CDATA[[main] INFO io.github.bonigarcia.wdm.WebDriverManager - Using chromedriver 133.0.6943.141 (resolved driver for Chrome 133)
[main] INFO io.github.bonigarcia.wdm.WebDriverManager - Exporting webdriver.chrome.driver as C:\Users\Arun Reddy R\.cache\selenium\chromedriver\win64\133.0.6943.141\chromedriver.exe
]]></system-err>
  </testcase>
  <testcase name="runScenario[&quot;Sign Up button disabled if email or password is invalid&quot;, &quot;User Sign Up&quot;](15)" classname="runners.CucumberTestRunner" time="23.335">
    <system-out><![CDATA[
Scenario Outline: Sign Up button disabled if email or password is invalid # src/test/resources/features/SignUp.feature:40
  Given I navigate to the "https://xaltsocnportal.web.app/"               # stepDefinitions.CommonSteps.iNavigateToThe(java.lang.String)
  When I click on the 'Get Started' button                                # stepDefinitions.CommonSteps.iClickGetStarrtedButton()
  Then I should be on the Sign In page                                    # stepDefinitions.CommonSteps.verifySignInPage()
  And I enter an invalid  or a weak Test@123456                           # stepDefinitions.SignUpSteps.iEnterInvalidEmailOrInvalidPasswd(java.lang.String,java.lang.String)
  And I confirm the password correctly                                    # stepDefinitions.SignUpSteps.iConfirmThePasswordCorrectly()
  Then the Sign Up button should remain disabled                          # stepDefinitions.SignUpSteps.iShouldSeeSignUpBtnDisabled()
]]></system-out>
    <system-err><![CDATA[[main] INFO io.github.bonigarcia.wdm.WebDriverManager - Using chromedriver 133.0.6943.141 (resolved driver for Chrome 133)
[main] INFO io.github.bonigarcia.wdm.WebDriverManager - Exporting webdriver.chrome.driver as C:\Users\Arun Reddy R\.cache\selenium\chromedriver\win64\133.0.6943.141\chromedriver.exe
]]></system-err>
  </testcase>
  <testcase name="runScenario[&quot;Sign Up button disabled if email or password is invalid&quot;, &quot;User Sign Up&quot;](16)" classname="runners.CucumberTestRunner" time="13.498">
    <system-out><![CDATA[
Scenario Outline: Sign Up button disabled if email or password is invalid # src/test/resources/features/SignUp.feature:41
  Given I navigate to the "https://xaltsocnportal.web.app/"               # stepDefinitions.CommonSteps.iNavigateToThe(java.lang.String)
  When I click on the 'Get Started' button                                # stepDefinitions.CommonSteps.iClickGetStarrtedButton()
  Then I should be on the Sign In page                                    # stepDefinitions.CommonSteps.verifySignInPage()
  And I enter an invalid test@mail.com or a weak Weakpass                 # stepDefinitions.SignUpSteps.iEnterInvalidEmailOrInvalidPasswd(java.lang.String,java.lang.String)
  And I confirm the password correctly                                    # stepDefinitions.SignUpSteps.iConfirmThePasswordCorrectly()
  Then the Sign Up button should remain disabled                          # stepDefinitions.SignUpSteps.iShouldSeeSignUpBtnDisabled()
]]></system-out>
    <system-err><![CDATA[[main] INFO io.github.bonigarcia.wdm.WebDriverManager - Using chromedriver 133.0.6943.141 (resolved driver for Chrome 133)
[main] INFO io.github.bonigarcia.wdm.WebDriverManager - Exporting webdriver.chrome.driver as C:\Users\Arun Reddy R\.cache\selenium\chromedriver\win64\133.0.6943.141\chromedriver.exe
]]></system-err>
  </testcase>
  <testcase name="runScenario[&quot;Sign Up button disabled if email or password is invalid&quot;, &quot;User Sign Up&quot;](17)" classname="runners.CucumberTestRunner" time="13.231">
    <system-out><![CDATA[
Scenario Outline: Sign Up button disabled if email or password is invalid # src/test/resources/features/SignUp.feature:42
  Given I navigate to the "https://xaltsocnportal.web.app/"               # stepDefinitions.CommonSteps.iNavigateToThe(java.lang.String)
  When I click on the 'Get Started' button                                # stepDefinitions.CommonSteps.iClickGetStarrtedButton()
  Then I should be on the Sign In page                                    # stepDefinitions.CommonSteps.verifySignInPage()
  And I enter an invalid  or a weak                                       # stepDefinitions.SignUpSteps.iEnterInvalidEmailOrInvalidPasswd(java.lang.String,java.lang.String)
  And I confirm the password correctly                                    # stepDefinitions.SignUpSteps.iConfirmThePasswordCorrectly()
  Then the Sign Up button should remain disabled                          # stepDefinitions.SignUpSteps.iShouldSeeSignUpBtnDisabled()
]]></system-out>
    <system-err><![CDATA[[main] INFO io.github.bonigarcia.wdm.WebDriverManager - Using chromedriver 133.0.6943.141 (resolved driver for Chrome 133)
[main] INFO io.github.bonigarcia.wdm.WebDriverManager - Exporting webdriver.chrome.driver as C:\Users\Arun Reddy R\.cache\selenium\chromedriver\win64\133.0.6943.141\chromedriver.exe
]]></system-err>
  </testcase>
  <testcase name="runScenario[&quot;Sign Up button disabled when password confirmation does not match&quot;, &quot;User Sign Up&quot;](18)" classname="runners.CucumberTestRunner" time="14.618">
    <system-out><![CDATA[
Scenario Outline: Sign Up button disabled when password confirmation does not match # src/test/resources/features/SignUp.feature:51
  Given I navigate to the "https://xaltsocnportal.web.app/"                         # stepDefinitions.CommonSteps.iNavigateToThe(java.lang.String)
  When I click on the 'Get Started' button                                          # stepDefinitions.CommonSteps.iClickGetStarrtedButton()
  Then I should be on the Sign In page                                              # stepDefinitions.CommonSteps.verifySignInPage()
  And I enter valid test@mail.com and Xalts@2025                                    # stepDefinitions.SignUpSteps.iEnterValidEmailStrongPasssword(java.lang.String,java.lang.String)
Passwords do not match error: Passwords do not match
  And I enter a different Xalts@2024                                                # stepDefinitions.SignUpSteps.iEnterDifferentConfirmPassword(java.lang.String)
  Then the Sign Up button should remain disabled                                    # stepDefinitions.SignUpSteps.iShouldSeeSignUpBtnDisabled()
]]></system-out>
    <system-err><![CDATA[[main] INFO io.github.bonigarcia.wdm.WebDriverManager - Using chromedriver 133.0.6943.141 (resolved driver for Chrome 133)
[main] INFO io.github.bonigarcia.wdm.WebDriverManager - Exporting webdriver.chrome.driver as C:\Users\Arun Reddy R\.cache\selenium\chromedriver\win64\133.0.6943.141\chromedriver.exe
]]></system-err>
  </testcase>
  <testcase name="runScenario[&quot;Sign Up button disabled when password confirmation does not match&quot;, &quot;User Sign Up&quot;](19)" classname="runners.CucumberTestRunner" time="14.326">
    <system-out><![CDATA[
Scenario Outline: Sign Up button disabled when password confirmation does not match # src/test/resources/features/SignUp.feature:52
  Given I navigate to the "https://xaltsocnportal.web.app/"                         # stepDefinitions.CommonSteps.iNavigateToThe(java.lang.String)
  When I click on the 'Get Started' button                                          # stepDefinitions.CommonSteps.iClickGetStarrtedButton()
  Then I should be on the Sign In page                                              # stepDefinitions.CommonSteps.verifySignInPage()
  And I enter valid user@test.com and Secure@123                                    # stepDefinitions.SignUpSteps.iEnterValidEmailStrongPasssword(java.lang.String,java.lang.String)
Passwords do not match error: Passwords do not match
  And I enter a different Secure123                                                 # stepDefinitions.SignUpSteps.iEnterDifferentConfirmPassword(java.lang.String)
  Then the Sign Up button should remain disabled                                    # stepDefinitions.SignUpSteps.iShouldSeeSignUpBtnDisabled()
]]></system-out>
    <system-err><![CDATA[[main] INFO io.github.bonigarcia.wdm.WebDriverManager - Using chromedriver 133.0.6943.141 (resolved driver for Chrome 133)
[main] INFO io.github.bonigarcia.wdm.WebDriverManager - Exporting webdriver.chrome.driver as C:\Users\Arun Reddy R\.cache\selenium\chromedriver\win64\133.0.6943.141\chromedriver.exe
]]></system-err>
  </testcase>
  <testcase name="runScenario[&quot;Sign Up button disabled when password confirmation does not match&quot;, &quot;User Sign Up&quot;](20)" classname="runners.CucumberTestRunner" time="13.345">
    <system-out><![CDATA[
Scenario Outline: Sign Up button disabled when password confirmation does not match # src/test/resources/features/SignUp.feature:53
  Given I navigate to the "https://xaltsocnportal.web.app/"                         # stepDefinitions.CommonSteps.iNavigateToThe(java.lang.String)
  When I click on the 'Get Started' button                                          # stepDefinitions.CommonSteps.iClickGetStarrtedButton()
  Then I should be on the Sign In page                                              # stepDefinitions.CommonSteps.verifySignInPage()
  And I enter valid another@test.com and Pass@5678                                  # stepDefinitions.SignUpSteps.iEnterValidEmailStrongPasssword(java.lang.String,java.lang.String)
Passwords do not match error: Passwords do not match
  And I enter a different Pass5678                                                  # stepDefinitions.SignUpSteps.iEnterDifferentConfirmPassword(java.lang.String)
  Then the Sign Up button should remain disabled                                    # stepDefinitions.SignUpSteps.iShouldSeeSignUpBtnDisabled()
]]></system-out>
    <system-err><![CDATA[[main] INFO io.github.bonigarcia.wdm.WebDriverManager - Using chromedriver 133.0.6943.141 (resolved driver for Chrome 133)
[main] INFO io.github.bonigarcia.wdm.WebDriverManager - Exporting webdriver.chrome.driver as C:\Users\Arun Reddy R\.cache\selenium\chromedriver\win64\133.0.6943.141\chromedriver.exe
]]></system-err>
  </testcase>
</testsuite>